Vivado Simulator v2023.1
Copyright 1986-2022 Xilinx, Inc. All Rights Reserved.
Copyright 2022-2023 Advanced Micro Devices, Inc. All Rights Reserved.
Running: E:/Vivado/2023.1/bin/unwrapped/win64.o/xelab.exe --incr --debug typical --relax --mt 2 -L xil_defaultlib -L secureip --snapshot tb_system_behav xil_defaultlib.tb_system -log elaborate.log 
Using 2 slave threads.
Starting static elaboration
Completed static elaboration
Starting simulation data flow analysis
Completed simulation data flow analysis
Time Resolution for simulation is 1ps
Compiling package std.standard
Compiling package std.textio
Compiling package ieee.std_logic_1164
Compiling package ieee.numeric_std
Compiling architecture structural of entity xil_defaultlib.unitacontrollo_A [unitacontrollo_a_default]
Compiling architecture dataflow of entity xil_defaultlib.memoria_A [memoria_a_default]
Compiling architecture behavioral of entity xil_defaultlib.counter_mod_16 [counter_mod_16_default]
Compiling architecture structural of entity xil_defaultlib.unita_operativa_A [unita_operativa_a_default]
Compiling architecture structural of entity xil_defaultlib.nodo_A [nodo_a_default]
Compiling architecture structural of entity xil_defaultlib.unitacontrollo_B [unitacontrollo_b_default]
Compiling architecture dataflow of entity xil_defaultlib.memoria_B [memoria_b_default]
Compiling architecture dataflow of entity xil_defaultlib.mem_B [mem_b_default]
Compiling architecture structural of entity xil_defaultlib.unita_operativa_B [unita_operativa_b_default]
Compiling architecture structural of entity xil_defaultlib.nodo_B [nodo_b_default]
Compiling architecture structural of entity xil_defaultlib.system [system_default]
Compiling architecture testbench of entity xil_defaultlib.tb_system
Built simulation snapshot tb_system_behav
